<?xml version="1.0" encoding="UTF-8"?>
<testng-results ignored="0" total="4" passed="3" failed="1" skipped="0">
  <reporter-output>
  </reporter-output>
  <suite started-at="2025-09-25T17:47:25 IST" name="Suite" finished-at="2025-09-25T17:51:25 IST" duration-ms="240060">
    <groups>
    </groups>
    <test started-at="2025-09-25T17:47:25 IST" name="Test" finished-at="2025-09-25T17:51:25 IST" duration-ms="240060">
      <class name="test.LoginTests">
        <test-method is-config="true" signature="setUp()[pri:0, instance:test.LoginTests@49e53c76]" started-at="2025-09-25T17:47:25 IST" name="setUp" finished-at="2025-09-25T17:51:05 IST" duration-ms="220468" status="PASS">
          <reporter-output>
          </reporter-output>
        </test-method> <!-- setUp -->
        <test-method signature="verifyInvalidLoginShowsErrorMessage()[pri:0, instance:test.LoginTests@49e53c76]" started-at="2025-09-25T17:51:05 IST" name="verifyInvalidLoginShowsErrorMessage" finished-at="2025-09-25T17:51:07 IST" duration-ms="1147" status="PASS">
          <reporter-output>
          </reporter-output>
        </test-method> <!-- verifyInvalidLoginShowsErrorMessage -->
        <test-method is-config="true" signature="tearDown()[pri:0, instance:test.LoginTests@49e53c76]" started-at="2025-09-25T17:51:07 IST" name="tearDown" finished-at="2025-09-25T17:51:07 IST" duration-ms="281" status="PASS">
          <reporter-output>
          </reporter-output>
        </test-method> <!-- tearDown -->
        <test-method is-config="true" signature="setUp()[pri:0, instance:test.LoginTests@49e53c76]" started-at="2025-09-25T17:51:07 IST" name="setUp" finished-at="2025-09-25T17:51:13 IST" duration-ms="6251" status="PASS">
          <reporter-output>
          </reporter-output>
        </test-method> <!-- setUp -->
        <test-method signature="verifyLoginButtonDisabledWhenFieldsEmpty()[pri:0, instance:test.LoginTests@49e53c76]" started-at="2025-09-25T17:51:13 IST" name="verifyLoginButtonDisabledWhenFieldsEmpty" finished-at="2025-09-25T17:51:13 IST" duration-ms="84" status="FAIL">
          <exception class="java.lang.AssertionError">
            <message>
              <![CDATA[Login button should be disabled when fields are empty. expected [true] but found [false]]]>
            </message>
            <full-stacktrace>
              <![CDATA[java.lang.AssertionError: Login button should be disabled when fields are empty. expected [true] but found [false]
at org.testng.Assert.fail(Assert.java:111)
at org.testng.Assert.failNotEquals(Assert.java:1578)
at org.testng.Assert.assertTrue(Assert.java:57)
at test.LoginTests.verifyLoginButtonDisabledWhenFieldsEmpty(LoginTests.java:12)
at java.base/jdk.internal.reflect.DirectMethodHandleAccessor.invoke(DirectMethodHandleAccessor.java:103)
at java.base/java.lang.reflect.Method.invoke(Method.java:580)
at org.testng.internal.invokers.MethodInvocationHelper.invokeMethod(MethodInvocationHelper.java:141)
at org.testng.internal.invokers.TestInvoker.invokeMethod(TestInvoker.java:686)
at org.testng.internal.invokers.TestInvoker.invokeTestMethod(TestInvoker.java:230)
at org.testng.internal.invokers.MethodRunner.runInSequence(MethodRunner.java:63)
at org.testng.internal.invokers.TestInvoker$MethodInvocationAgent.invoke(TestInvoker.java:992)
at org.testng.internal.invokers.TestInvoker.invokeTestMethods(TestInvoker.java:203)
at org.testng.internal.invokers.TestMethodWorker.invokeTestMethods(TestMethodWorker.java:154)
at org.testng.internal.invokers.TestMethodWorker.run(TestMethodWorker.java:134)
at java.base/java.util.ArrayList.forEach(ArrayList.java:1596)
at org.testng.TestRunner.privateRun(TestRunner.java:739)
at org.testng.TestRunner.run(TestRunner.java:614)
at org.testng.SuiteRunner.runTest(SuiteRunner.java:421)
at org.testng.SuiteRunner.runSequentially(SuiteRunner.java:413)
at org.testng.SuiteRunner.privateRun(SuiteRunner.java:373)
at org.testng.SuiteRunner.run(SuiteRunner.java:312)
at org.testng.SuiteRunnerWorker.runSuite(SuiteRunnerWorker.java:52)
at org.testng.SuiteRunnerWorker.run(SuiteRunnerWorker.java:95)
at org.testng.TestNG.runSuitesSequentially(TestNG.java:1274)
at org.testng.TestNG.runSuitesLocally(TestNG.java:1208)
at org.testng.TestNG.runSuites(TestNG.java:1112)
at org.testng.TestNG.run(TestNG.java:1079)
at org.testng.remote.AbstractRemoteTestNG.run(AbstractRemoteTestNG.java:115)
at org.testng.remote.RemoteTestNG.initAndRun(RemoteTestNG.java:293)
at org.testng.remote.RemoteTestNG.main(RemoteTestNG.java:91)
]]>
            </full-stacktrace>
          </exception> <!-- java.lang.AssertionError -->
          <reporter-output>
          </reporter-output>
        </test-method> <!-- verifyLoginButtonDisabledWhenFieldsEmpty -->
        <test-method is-config="true" signature="tearDown()[pri:0, instance:test.LoginTests@49e53c76]" started-at="2025-09-25T17:51:13 IST" name="tearDown" finished-at="2025-09-25T17:51:13 IST" duration-ms="234" status="PASS">
          <reporter-output>
          </reporter-output>
        </test-method> <!-- tearDown -->
        <test-method is-config="true" signature="setUp()[pri:0, instance:test.LoginTests@49e53c76]" started-at="2025-09-25T17:51:13 IST" name="setUp" finished-at="2025-09-25T17:51:19 IST" duration-ms="5826" status="PASS">
          <reporter-output>
          </reporter-output>
        </test-method> <!-- setUp -->
        <test-method signature="verifyPasswordMaskedAndUnmasked()[pri:0, instance:test.LoginTests@49e53c76]" started-at="2025-09-25T17:51:19 IST" name="verifyPasswordMaskedAndUnmasked" finished-at="2025-09-25T17:51:20 IST" duration-ms="549" status="PASS">
          <reporter-output>
          </reporter-output>
        </test-method> <!-- verifyPasswordMaskedAndUnmasked -->
        <test-method is-config="true" signature="tearDown()[pri:0, instance:test.LoginTests@49e53c76]" started-at="2025-09-25T17:51:20 IST" name="tearDown" finished-at="2025-09-25T17:51:20 IST" duration-ms="195" status="PASS">
          <reporter-output>
          </reporter-output>
        </test-method> <!-- tearDown -->
        <test-method is-config="true" signature="setUp()[pri:0, instance:test.LoginTests@49e53c76]" started-at="2025-09-25T17:51:20 IST" name="setUp" finished-at="2025-09-25T17:51:24 IST" duration-ms="4413" status="PASS">
          <reporter-output>
          </reporter-output>
        </test-method> <!-- setUp -->
        <test-method signature="verifyPresenceOfPageElements()[pri:0, instance:test.LoginTests@49e53c76]" started-at="2025-09-25T17:51:24 IST" name="verifyPresenceOfPageElements" finished-at="2025-09-25T17:51:25 IST" duration-ms="285" status="PASS">
          <reporter-output>
          </reporter-output>
        </test-method> <!-- verifyPresenceOfPageElements -->
        <test-method is-config="true" signature="tearDown()[pri:0, instance:test.LoginTests@49e53c76]" started-at="2025-09-25T17:51:25 IST" name="tearDown" finished-at="2025-09-25T17:51:25 IST" duration-ms="262" status="PASS">
          <reporter-output>
          </reporter-output>
        </test-method> <!-- tearDown -->
      </class> <!-- test.LoginTests -->
    </test> <!-- Test -->
  </suite> <!-- Suite -->
</testng-results>
